<?xml version="1.0" encoding="UTF-8"?>
<robot generator="Robot 7.4.2 (Python 3.13.7 on win32)" generated="2026-06-09T20:51:41.536041" rpa="false" schemaversion="5">
<suite id="s1" name="Cenario17" source="D:\Download\Aluguel-de-equipamentos\Aluguel-de-equipamentos\tests\Cenario17.robot">
<test id="s1-t1" name="Teste De Processamento De Pagamento" line="9">
<kw name="Abrir Sistema Limpo E Logar" owner="Common_Steps" type="SETUP">
<kw name="Abrir O Sistema Com Dados Limpos" owner="Common_Steps">
<kw name="New Browser" owner="Browser">
<msg time="2026-06-09T20:51:42.088445" level="INFO">{"browser": "chromium", "headless": false, "chromiumSandbox": false, "devtools": false, "handleSIGHUP": true, "handleSIGINT": true, "handleSIGTERM": true, "slowMo": 0.0, "timeout": 30000.0, "tracesDir": "D:\\Download\\Aluguel-de-equipamentos\\Aluguel-de-equipamentos\\results\\browser\\traces\\temp\\618cc000-f9a9-433c-8d53-3c406d3483a4"}</msg>
<msg time="2026-06-09T20:51:42.177901" level="INFO">Starting Browser process C:\Users\drago\AppData\Local\Programs\Python\Python313\Lib\site-packages\Browser\wrapper\index.js using at 127.0.0.1:51073</msg>
<msg time="2026-06-09T20:51:43.785388" level="INFO">Successfully created browser with options: {"browser":"chromium","headless":false,"chromiumSandbox":false,"devtools":false,"handleSIGHUP":true,"handleSIGINT":true,"handleSIGTERM":true,"slowMo":0,"timeout":30000,"tracesDir":"D:\\Download\\Aluguel-de-equipamentos\\Aluguel-de-equipamentos\\results\\browser\\traces\\temp\\618cc000-f9a9-433c-8d53-3c406d3483a4"}</msg>
<arg>browser=chromium</arg>
<arg>headless=False</arg>
<tag>BrowserControl</tag>
<tag>Setter</tag>
<doc>Create a new playwright Browser with specified options.</doc>
<status status="PASS" start="2026-06-09T20:51:42.087716" elapsed="1.697999"/>
</kw>
<kw name="New Page" owner="Browser">
<msg time="2026-06-09T20:51:44.607987" level="INFO">Successfully initialized new page object and opened url: http://localhost/Aluguel-de-equipamentos/public/index.html</msg>
<msg time="2026-06-09T20:51:44.608093" level="INFO">No context was open. New context was automatically opened when this page is created.</msg>
<arg>url=http://localhost/Aluguel-de-equipamentos/public/index.html</arg>
<tag>BrowserControl</tag>
<tag>Setter</tag>
<doc>Open a new Page.</doc>
<status status="PASS" start="2026-06-09T20:51:43.786326" elapsed="0.821966"/>
</kw>
<kw name="Evaluate JavaScript" owner="Browser">
<msg time="2026-06-09T20:51:44.618019" level="INFO">JavaScript executed successfully.</msg>
<arg>${None}</arg>
<arg>() =&gt; window.localStorage.clear()</arg>
<tag>Getter</tag>
<tag>PageContent</tag>
<tag>Setter</tag>
<doc>Executes given javascript on the selected element(s) or on page.</doc>
<status status="PASS" start="2026-06-09T20:51:44.608496" elapsed="0.009700"/>
</kw>
<kw name="Reload" owner="Browser">
<msg time="2026-06-09T20:51:44.649445" level="INFO">Reloaded page with options: {"waitUntil": "load"}</msg>
<tag>BrowserControl</tag>
<tag>Setter</tag>
<doc>Reloads current active page.</doc>
<status status="PASS" start="2026-06-09T20:51:44.618416" elapsed="0.031273"/>
</kw>
<kw name="Wait For Elements State" owner="Browser">
<msg time="2026-06-09T20:51:44.674155" level="INFO">Waited for Element with selector id=login-card at state visible</msg>
<arg>id=login-card</arg>
<arg>visible</arg>
<arg>timeout=10s</arg>
<tag>PageContent</tag>
<tag>Wait</tag>
<doc>Waits for the element found by ``selector`` to satisfy state option.</doc>
<status status="PASS" start="2026-06-09T20:51:44.649963" elapsed="0.024373"/>
</kw>
<status status="PASS" start="2026-06-09T20:51:42.086913" elapsed="2.587547"/>
</kw>
<kw name="Efetuar Login Como Admin" owner="Common_Steps">
<kw name="Preencher Credenciais De Acesso" owner="Login_Steps">
<kw name="Fill Text" owner="Browser">
<msg time="2026-06-09T20:51:44.675897" level="INFO">Fills the text 'admin' in the given field.</msg>
<arg>${INPUT_EMAIL}</arg>
<arg>${email}</arg>
<tag>PageContent</tag>
<tag>Setter</tag>
<doc>Clears and fills the given ``txt`` into the text field found by ``selector``.</doc>
<status status="PASS" start="2026-06-09T20:51:44.675448" elapsed="0.012000"/>
</kw>
<kw name="Fill Text" owner="Browser">
<msg time="2026-06-09T20:51:44.688326" level="INFO">Fills the text 'admin123' in the given field.</msg>
<arg>${INPUT_SENHA}</arg>
<arg>${senha}</arg>
<tag>PageContent</tag>
<tag>Setter</tag>
<doc>Clears and fills the given ``txt`` into the text field found by ``selector``.</doc>
<status status="PASS" start="2026-06-09T20:51:44.687659" elapsed="0.013028"/>
</kw>
<arg>admin</arg>
<arg>admin123</arg>
<status status="PASS" start="2026-06-09T20:51:44.675156" elapsed="0.025662"/>
</kw>
<kw name="Submeter Formulario De Login" owner="Login_Steps">
<kw name="Click" owner="Browser">
<msg time="2026-06-09T20:51:44.701887" level="INFO">Clicks the element 'id=btn-login-submit'.</msg>
<arg>${BOTAO_ENTRAR}</arg>
<tag>PageContent</tag>
<tag>Setter</tag>
<doc>Simulates mouse click on the element found by ``selector``.</doc>
<status status="PASS" start="2026-06-09T20:51:44.701450" elapsed="0.833705"/>
</kw>
<status status="PASS" start="2026-06-09T20:51:44.700995" elapsed="0.834282"/>
</kw>
<kw name="Wait For Elements State" owner="Browser">
<msg time="2026-06-09T20:51:46.357402" level="INFO">Waited for Element with selector id=page-title at state visible</msg>
<arg>id=page-title</arg>
<arg>visible</arg>
<arg>timeout=10s</arg>
<tag>PageContent</tag>
<tag>Wait</tag>
<doc>Waits for the element found by ``selector`` to satisfy state option.</doc>
<status status="PASS" start="2026-06-09T20:51:45.535404" elapsed="0.822294"/>
</kw>
<status status="PASS" start="2026-06-09T20:51:44.674662" elapsed="1.683232"/>
</kw>
<status status="PASS" start="2026-06-09T20:51:42.086399" elapsed="4.271591"/>
</kw>
<kw name="Acessar Pagina" owner="Common_Steps">
<kw name="Click" owner="Browser">
<msg time="2026-06-09T20:51:46.359734" level="INFO">Clicks the element 'css=.nk-menu-item[data-page="pagamentos"] .nk-menu-link'.</msg>
<arg>css=.nk-menu-item[data-page="${page}"] .nk-menu-link</arg>
<tag>PageContent</tag>
<tag>Setter</tag>
<doc>Simulates mouse click on the element found by ``selector``.</doc>
<status status="PASS" start="2026-06-09T20:51:46.358958" elapsed="0.035372"/>
</kw>
<kw name="Wait For Elements State" owner="Browser">
<msg time="2026-06-09T20:51:46.399381" level="INFO">Waited for Element with selector id=page-pagamentos at state visible</msg>
<arg>id=page-${page}</arg>
<arg>visible</arg>
<arg>timeout=10s</arg>
<tag>PageContent</tag>
<tag>Wait</tag>
<doc>Waits for the element found by ``selector`` to satisfy state option.</doc>
<status status="PASS" start="2026-06-09T20:51:46.394524" elapsed="0.005123"/>
</kw>
<arg>pagamentos</arg>
<status status="PASS" start="2026-06-09T20:51:46.358313" elapsed="0.041517"/>
</kw>
<kw name="Validar Existe Pagamentos" owner="Reserva_Steps">
<kw name="Get Element Count" owner="Browser">
<arg>${ROW_PAGAMENTOS}</arg>
<arg>&gt;</arg>
<arg>${0}</arg>
<tag>Assertion</tag>
<tag>Getter</tag>
<tag>PageContent</tag>
<doc>Returns the count of elements found with ``selector``.</doc>
<status status="PASS" start="2026-06-09T20:51:46.400659" elapsed="0.005852"/>
</kw>
<status status="PASS" start="2026-06-09T20:51:46.400094" elapsed="0.006624"/>
</kw>
<kw name="Validar Detalhes Do Pagamento" owner="Reserva_Steps">
<kw name="Set Variable" owner="BuiltIn">
<msg time="2026-06-09T20:51:46.408053" level="INFO">${linha} = css=#tbody-pagamentos tr:has-text("PAY-001")</msg>
<var>${linha}</var>
<arg>css=#tbody-pagamentos tr:has-text("${ref}")</arg>
<doc>Returns the given values which can then be assigned to a variables.</doc>
<status status="PASS" start="2026-06-09T20:51:46.407586" elapsed="0.000497"/>
</kw>
<kw name="Wait For Elements State" owner="Browser">
<msg time="2026-06-09T20:51:46.416638" level="INFO">Waited for Element with selector css=#tbody-pagamentos tr:has-text("PAY-001") at state visible</msg>
<arg>${linha}</arg>
<arg>visible</arg>
<arg>timeout=10s</arg>
<tag>PageContent</tag>
<tag>Wait</tag>
<doc>Waits for the element found by ``selector`` to satisfy state option.</doc>
<status status="PASS" start="2026-06-09T20:51:46.408191" elapsed="0.008666"/>
</kw>
<kw name="Get Text" owner="Browser">
<msg time="2026-06-09T20:51:46.445652" level="INFO">Text: 'PAY-001\tres-001\t\nPIX\n\tR$ 400,00\tPago\t01/02/2024'</msg>
<arg>${linha}</arg>
<arg>contains</arg>
<arg>${reserva}</arg>
<tag>Assertion</tag>
<tag>Getter</tag>
<tag>PageContent</tag>
<doc>Returns text attribute of the element found by ``selector``.</doc>
<status status="PASS" start="2026-06-09T20:51:46.417193" elapsed="0.028566"/>
</kw>
<kw name="Get Text" owner="Browser">
<msg time="2026-06-09T20:51:46.460062" level="INFO">Text: 'PAY-001\tres-001\t\nPIX\n\tR$ 400,00\tPago\t01/02/2024'</msg>
<arg>${linha}</arg>
<arg>contains</arg>
<arg>${metodo}</arg>
<tag>Assertion</tag>
<tag>Getter</tag>
<tag>PageContent</tag>
<doc>Returns text attribute of the element found by ``selector``.</doc>
<status status="PASS" start="2026-06-09T20:51:46.445926" elapsed="0.014251"/>
</kw>
<kw name="Get Text" owner="Browser">
<msg time="2026-06-09T20:51:46.475660" level="INFO">Text: 'PAY-001\tres-001\t\nPIX\n\tR$ 400,00\tPago\t01/02/2024'</msg>
<arg>${linha}</arg>
<arg>contains</arg>
<arg>${valor}</arg>
<tag>Assertion</tag>
<tag>Getter</tag>
<tag>PageContent</tag>
<doc>Returns text attribute of the element found by ``selector``.</doc>
<status status="PASS" start="2026-06-09T20:51:46.460399" elapsed="0.015591"/>
</kw>
<kw name="Get Text" owner="Browser">
<msg time="2026-06-09T20:51:46.494010" level="INFO">Text: 'PAY-001\tres-001\t\nPIX\n\tR$ 400,00\tPago\t01/02/2024'</msg>
<arg>${linha}</arg>
<arg>contains</arg>
<arg>${status}</arg>
<tag>Assertion</tag>
<tag>Getter</tag>
<tag>PageContent</tag>
<doc>Returns text attribute of the element found by ``selector``.</doc>
<status status="PASS" start="2026-06-09T20:51:46.476483" elapsed="0.017632"/>
</kw>
<arg>PAY-001</arg>
<arg>res-001</arg>
<arg>PIX</arg>
<arg>R$ 400,00</arg>
<arg>Pago</arg>
<status status="PASS" start="2026-06-09T20:51:46.406986" elapsed="0.087229"/>
</kw>
<kw name="Close Browser" owner="Browser" type="TEARDOWN">
<msg time="2026-06-09T20:51:46.660765" level="INFO">Closed browser</msg>
<tag>BrowserControl</tag>
<tag>Setter</tag>
<doc>Closes the current browser.</doc>
<status status="PASS" start="2026-06-09T20:51:46.494429" elapsed="0.166504"/>
</kw>
<status status="PASS" start="2026-06-09T20:51:42.085598" elapsed="4.575420"/>
</test>
<status status="PASS" start="2026-06-09T20:51:41.537599" elapsed="5.128919"/>
</suite>
<statistics>
<total>
<stat pass="1" fail="0" skip="0">All Tests</stat>
</total>
<tag>
</tag>
<suite>
<stat name="Cenario17" id="s1" pass="1" fail="0" skip="0">Cenario17</stat>
</suite>
</statistics>
<errors>
</errors>
</robot>
