<?xml version="1.0" encoding="UTF-8"?>
<robot generator="Robot 7.4.2 (Python 3.13.7 on win32)" generated="2026-06-07T09:43:20.041059" rpa="false" schemaversion="5">
<suite id="s1" name="Cenario01" source="D:\download\Aluguel-de-equipamentos\Aluguel-de-equipamentos\tests\Cenario01.robot">
<test id="s1-t1" name="Caso de Teste 01: Login" line="12">
<kw name="Abrir O Sistema Aluga Facil" type="SETUP">
<kw name="New Browser">
<msg time="2026-06-07T09:43:20.081499" level="FAIL">No keyword with name 'New Browser' found.</msg>
<arg>browser=chromium</arg>
<arg>headless=False</arg>
<status status="FAIL" start="2026-06-07T09:43:20.081469" elapsed="0.000075">No keyword with name 'New Browser' found.</status>
</kw>
<kw name="New Page">
<arg>url=http://localhost/Aluguel-de-equipamentos/public/index.html</arg>
<status status="NOT RUN" start="2026-06-07T09:43:20.081665" elapsed="0.000017"/>
</kw>
<status status="FAIL" start="2026-06-07T09:43:20.080604" elapsed="0.001170">No keyword with name 'New Browser' found.</status>
</kw>
<kw name="Close Browser" type="TEARDOWN">
<msg time="2026-06-07T09:43:20.082482" level="FAIL">No keyword with name 'Close Browser' found.</msg>
<status status="FAIL" start="2026-06-07T09:43:20.082456" elapsed="0.000057">No keyword with name 'Close Browser' found.</status>
</kw>
<status status="FAIL" start="2026-06-07T09:43:20.080037" elapsed="0.002579">Setup failed:
No keyword with name 'New Browser' found.

Also teardown failed:
No keyword with name 'Close Browser' found.</status>
</test>
<status status="FAIL" start="2026-06-07T09:43:20.042628" elapsed="0.040595"/>
</suite>
<statistics>
<total>
<stat pass="0" fail="1" skip="0">All Tests</stat>
</total>
<tag>
</tag>
<suite>
<stat name="Cenario01" id="s1" pass="0" fail="1" skip="0">Cenario01</stat>
</suite>
</statistics>
<errors>
<msg time="2026-06-07T09:43:20.078332" level="ERROR">Error in file 'D:\download\Aluguel-de-equipamentos\Aluguel-de-equipamentos\tests\Keywords\Login_Steps.robot' on line 3: Importing library 'Browser' failed: ModuleNotFoundError: No module named 'Browser'
Traceback (most recent call last):
  None
PYTHONPATH:
  C:\Users\drago\AppData\Local\Programs\Python\Python313\Scripts\robot.exe
  C:\Users\drago\AppData\Local\Programs\Python\Python313\python313.zip
  C:\Users\drago\AppData\Local\Programs\Python\Python313\DLLs
  C:\Users\drago\AppData\Local\Programs\Python\Python313\Lib
  C:\Users\drago\AppData\Local\Programs\Python\Python313
  C:\Users\drago\AppData\Local\Programs\Python\Python313\Lib\site-packages</msg>
<msg time="2026-06-07T09:43:20.079539" level="ERROR">Error in file 'D:\download\Aluguel-de-equipamentos\Aluguel-de-equipamentos\tests\Cenario01.robot' on line 3: Importing library 'Browser' failed: ModuleNotFoundError: No module named 'Browser'
Traceback (most recent call last):
  None
PYTHONPATH:
  C:\Users\drago\AppData\Local\Programs\Python\Python313\Scripts\robot.exe
  C:\Users\drago\AppData\Local\Programs\Python\Python313\python313.zip
  C:\Users\drago\AppData\Local\Programs\Python\Python313\DLLs
  C:\Users\drago\AppData\Local\Programs\Python\Python313\Lib
  C:\Users\drago\AppData\Local\Programs\Python\Python313
  C:\Users\drago\AppData\Local\Programs\Python\Python313\Lib\site-packages</msg>
</errors>
</robot>
